{
  "RSpec": {
    "coverage": {
      "/home/korich/Desktop/bookstore/app/models/ability.rb": [
        1,
        1,
        1,
        0,
        0,
        0,
        0,
        0,
        null,
        0,
        0,
        0,
        null,
        null,
        0,
        null,
        null,
        null,
        null,
        null,
        null,
        null,
        null,
        null,
        null,
        null,
        null,
        null,
        null,
        null,
        null,
        null,
        null,
        null,
        null,
        null
      ],
      "/home/korich/Desktop/bookstore/spec/models/adress_spec.rb": [
        1,
        null,
        1,
        null,
        2,
        2,
        2,
        2,
        2,
        2,
        2,
        null,
        2,
        null
      ],
      "/home/korich/Desktop/bookstore/app/models/adress.rb": [
        1,
        null,
        null,
        1,
        null,
        1,
        null,
        1,
        null
      ],
      "/home/korich/Desktop/bookstore/spec/models/author_spec.rb": [
        1,
        null,
        1,
        2,
        2,
        2,
        null
      ],
      "/home/korich/Desktop/bookstore/app/models/author.rb": [
        1,
        1,
        1,
        null
      ],
      "/home/korich/Desktop/bookstore/spec/models/book_spec.rb": [
        1,
        null,
        1,
        null,
        2,
        2,
        2,
        2,
        2,
        2,
        2,
        2,
        2,
        null
      ],
      "/home/korich/Desktop/bookstore/app/models/book.rb": [
        1,
        null,
        1,
        1,
        1,
        null,
        null,
        1,
        1,
        1,
        null,
        1,
        null
      ],
      "/home/korich/Desktop/bookstore/app/uploaders/book_cover_uploader.rb": [
        null,
        null,
        1,
        null,
        null,
        null,
        1,
        null,
        null,
        null,
        1,
        null,
        null,
        null,
        1,
        0,
        null,
        null,
        null,
        null,
        null,
        null,
        null,
        null,
        null,
        null,
        null,
        null,
        null,
        null,
        null,
        null,
        null,
        null,
        null,
        null,
        1,
        1,
        null,
        null,
        null,
        null,
        1,
        0,
        null,
        null,
        null,
        null,
        null,
        null,
        null,
        null,
        null
      ],
      "/home/korich/Desktop/bookstore/spec/models/category_spec.rb": [
        1,
        null,
        1,
        null,
        2,
        2,
        2,
        null
      ],
      "/home/korich/Desktop/bookstore/app/models/category.rb": [
        1,
        1,
        1,
        1,
        null
      ],
      "/home/korich/Desktop/bookstore/spec/models/country_spec.rb": [
        1,
        null,
        1,
        2,
        2,
        2,
        null
      ],
      "/home/korich/Desktop/bookstore/app/models/country.rb": [
        1,
        1,
        1,
        1,
        null
      ],
      "/home/korich/Desktop/bookstore/spec/models/credit_card_spec.rb": [
        1,
        null,
        1,
        2,
        2,
        2,
        2,
        2,
        2,
        2,
        2,
        2,
        2,
        2,
        2,
        2,
        null,
        2,
        2,
        null
      ],
      "/home/korich/Desktop/bookstore/app/models/credit_card.rb": [
        1,
        1,
        1,
        1,
        1,
        1,
        1,
        null
      ],
      "/home/korich/Desktop/bookstore/spec/models/delivery_spec.rb": [
        1,
        null,
        1,
        2,
        2,
        2,
        2,
        null
      ],
      "/home/korich/Desktop/bookstore/app/models/delivery.rb": [
        1,
        1,
        1,
        1,
        1,
        null
      ],
      "/home/korich/Desktop/bookstore/spec/models/gift_code_spec.rb": [
        1,
        null,
        1,
        null,
        2,
        2,
        2,
        2,
        2,
        null,
        null
      ],
      "/home/korich/Desktop/bookstore/app/models/gift_code.rb": [
        1,
        1,
        1,
        1,
        1,
        null
      ],
      "/home/korich/Desktop/bookstore/spec/models/order_item_spec.rb": [
        1,
        null,
        1,
        2,
        2,
        2,
        2,
        2,
        2,
        2,
        null
      ],
      "/home/korich/Desktop/bookstore/app/models/order_item.rb": [
        1,
        null,
        1,
        1,
        1,
        null,
        1,
        1,
        null
      ],
      "/home/korich/Desktop/bookstore/spec/models/order_spec.rb": [
        1,
        null,
        1,
        1,
        2,
        null,
        null,
        2,
        2,
        2,
        2,
        null,
        2,
        null,
        null
      ],
      "/home/korich/Desktop/bookstore/app/models/order.rb": [
        1,
        1,
        1,
        1,
        1,
        1,
        1,
        1,
        1,
        null,
        1,
        1,
        1,
        1,
        1,
        1,
        null,
        1,
        1,
        1,
        1,
        1,
        1,
        null,
        1,
        1,
        null,
        null,
        1,
        1,
        null,
        null,
        1,
        1,
        null,
        1,
        1,
        null,
        null,
        null,
        1,
        20,
        null,
        null,
        1,
        8,
        null,
        null,
        1,
        4,
        null,
        null,
        1,
        4,
        null,
        null,
        null,
        null,
        null,
        1,
        7,
        7,
        null,
        0,
        null,
        7,
        0,
        null,
        7,
        0,
        null,
        7,
        7,
        null,
        null,
        1,
        0,
        0,
        0,
        0,
        0,
        0,
        0,
        null,
        0,
        null,
        null,
        0,
        null,
        null,
        null,
        null,
        null,
        null,
        1,
        0,
        0,
        0,
        null,
        null,
        0,
        null,
        0,
        null,
        null,
        1,
        null,
        0,
        null,
        null,
        1,
        null,
        0,
        null,
        null,
        1,
        0,
        0,
        0,
        null,
        0,
        0,
        null,
        0,
        null,
        null,
        null,
        null,
        null,
        null,
        null,
        null
      ],
      "/home/korich/Desktop/bookstore/spec/models/rating_spec.rb": [

      ],
      "/home/korich/Desktop/bookstore/spec/models/user_spec.rb": [
        1,
        null,
        1,
        null,
        3,
        2,
        1,
        2,
        2,
        2,
        2,
        null,
        1,
        null,
        null,
        null,
        1,
        1,
        1,
        null,
        1,
        1,
        1,
        null,
        null,
        1,
        null,
        1,
        1,
        1,
        null,
        null,
        null,
        null,
        1,
        null,
        null,
        null,
        null
      ],
      "/home/korich/Desktop/bookstore/spec/models/wish_list_spec.rb": [
        1,
        null,
        1,
        null,
        null
      ],
      "/home/korich/Desktop/bookstore/app/models/wish_list.rb": [
        1,
        1,
        1,
        1,
        null
      ],
      "/home/korich/Desktop/bookstore/app/models/rating.rb": [
        1,
        1,
        1,
        1,
        null,
        1,
        1,
        1,
        null
      ],
      "/home/korich/Desktop/bookstore/app/mailers/user_mailer.rb": [
        1,
        1,
        0,
        0,
        0,
        null,
        null,
        null,
        1,
        null,
        null,
        1,
        3,
        3,
        null,
        1,
        0,
        0,
        0,
        null,
        null,
        null,
        null
      ],
      "/home/korich/Desktop/bookstore/app/mailers/application_mailer.rb": [
        1,
        1,
        1,
        null
      ]
    },
    "timestamp": 1446020074
  }
}
