{
  "RSpec": {
    "coverage": {
      "/home/korich/Desktop/bookstore/app/models/ability.rb": [
        1,
        1,
        1,
        90,
        90,
        35,
        35,
        35,
        null,
        55,
        55,
        55,
        55,
        55,
        null,
        55,
        55,
        55,
        55,
        55,
        55,
        55,
        55,
        55,
        null,
        null,
        null,
        0,
        0,
        0,
        0,
        0,
        null,
        null,
        null,
        null,
        null,
        null,
        null,
        null,
        null,
        null,
        null,
        null,
        null,
        null,
        null,
        null,
        null,
        null,
        null,
        null,
        null
      ],
      "/home/korich/Desktop/bookstore/app/mailers/user_mailer.rb": [
        1,
        1,
        0,
        0,
        0,
        null,
        null,
        null,
        1,
        null,
        null,
        1,
        114,
        114,
        null,
        1,
        0,
        0,
        0,
        null,
        null,
        null,
        null
      ],
      "/home/korich/Desktop/bookstore/app/mailers/application_mailer.rb": [
        1,
        1,
        1,
        null
      ],
      "/home/korich/Desktop/bookstore/app/models/credit_card.rb": [
        1,
        1,
        1,
        1,
        1,
        1,
        1,
        null
      ],
      "/home/korich/Desktop/bookstore/app/models/order.rb": [
        1,
        1,
        1,
        1,
        1,
        1,
        1,
        1,
        1,
        null,
        1,
        1,
        1,
        1,
        1,
        1,
        null,
        1,
        1,
        1,
        1,
        1,
        1,
        null,
        1,
        1,
        null,
        null,
        1,
        1,
        null,
        null,
        1,
        1,
        null,
        1,
        1,
        null,
        null,
        null,
        1,
        55,
        null,
        null,
        1,
        22,
        null,
        null,
        1,
        11,
        null,
        null,
        1,
        11,
        null,
        null,
        null,
        null,
        null,
        1,
        22,
        22,
        null,
        0,
        null,
        22,
        0,
        null,
        22,
        0,
        null,
        22,
        22,
        null,
        null,
        1,
        0,
        0,
        0,
        0,
        0,
        0,
        0,
        null,
        0,
        null,
        null,
        0,
        null,
        null,
        null,
        null,
        null,
        null,
        1,
        0,
        0,
        0,
        null,
        null,
        0,
        null,
        0,
        null,
        null,
        1,
        null,
        0,
        null,
        null,
        1,
        null,
        0,
        null,
        null,
        1,
        0,
        0,
        0,
        null,
        0,
        0,
        null,
        0,
        null,
        null,
        null,
        null,
        null,
        null,
        null,
        null
      ],
      "/home/korich/Desktop/bookstore/app/models/order_item.rb": [
        1,
        null,
        1,
        1,
        1,
        null,
        1,
        1,
        null
      ],
      "/home/korich/Desktop/bookstore/app/models/rating.rb": [
        1,
        1,
        1,
        1,
        null,
        1,
        1,
        1,
        null
      ],
      "/home/korich/Desktop/bookstore/app/models/wish_list.rb": [
        1,
        1,
        1,
        1,
        null
      ],
      "/home/korich/Desktop/bookstore/app/models/author.rb": [
        1,
        1,
        1,
        null
      ],
      "/home/korich/Desktop/bookstore/app/models/book.rb": [
        1,
        null,
        1,
        1,
        1,
        null,
        null,
        1,
        1,
        1,
        null,
        1,
        null
      ],
      "/home/korich/Desktop/bookstore/app/uploaders/book_cover_uploader.rb": [
        null,
        null,
        1,
        null,
        null,
        null,
        1,
        null,
        null,
        null,
        1,
        null,
        null,
        null,
        1,
        0,
        null,
        null,
        null,
        null,
        null,
        null,
        null,
        null,
        null,
        null,
        null,
        null,
        null,
        null,
        null,
        null,
        null,
        null,
        null,
        null,
        1,
        1,
        null,
        null,
        null,
        null,
        1,
        0,
        null,
        null,
        null,
        null,
        null,
        null,
        null,
        null,
        null
      ],
      "/home/korich/Desktop/bookstore/app/models/category.rb": [
        1,
        1,
        1,
        1,
        null
      ],
      "/home/korich/Desktop/bookstore/app/models/delivery.rb": [
        1,
        1,
        1,
        1,
        1,
        null
      ],
      "/home/korich/Desktop/bookstore/app/models/adress.rb": [
        1,
        null,
        null,
        1,
        null,
        1,
        null,
        1,
        null
      ]
    },
    "timestamp": 1446158081
  }
}
